<?xml version="1.0" encoding="UTF-8"?>
<!-- Generated by org.testng.reporters.JUnitReportReporter -->
<testsuite hostname="Rutvi" failures="0" tests="5" name="LoginTest.LoginTest" time="53.156" errors="0" timestamp="2023-11-30T16:00:23 IST" skipped="1">
  <testcase classname="LoginTest.LoginTest" name="loginToApp" time="10.827"/>
  <testcase classname="LoginTest.LoginTest" name="VerifyTitle" time="0.934">
    <system-out>
      <![CDATA[Online Shopping site in India: Shop Online for Mobiles, Books, Watches, Shoes and More - Amazon.in]]>
    </system-out>
  </testcase> <!-- VerifyTitle -->
  <testcase classname="LoginTest.LoginTest" name="VerifyPDP" time="22.250"/>
  <testcase classname="LoginTest.LoginTest" name="AddToCart" time="19.145">
    <system-out>
      <![CDATA[Item Add Sucessfuly]]>
    </system-out>
  </testcase> <!-- AddToCart -->
  <testcase classname="LoginTest.LoginTest" name="VerifyUserAndProfileName">
    <skipped/>
  </testcase> <!-- VerifyUserAndProfileName -->
  <system-out>
    <![CDATA[Online Shopping site in India: Shop Online for Mobiles, Books, Watches, Shoes and More - Amazon.in
Item Add Sucessfuly]]>
  </system-out>
</testsuite> <!-- LoginTest.LoginTest -->
